MPASM 5.77                     PRINCIPAL.ASM   11-25-2020  16:00:13         PAGE  1


LOC  OBJECT CODE     LINE SOURCE TEXT
  VALUE

                      00001  ;*******************************************************************************
                      00002 ;
                      00003 ;   Filename:       Proyecto3 -> Principal.asm
                      00004 ;   Date:                   12/11/2020
                      00005 ;   File Version:           v.1
                      00006 ;   Author:                 Noel Prado
                      00007 ;   Company:        UVG
                      00008 ;   Description:            Proyecto3
                      00009 ;
                      00010 ;*******************************************************************************  
                      00011 
                      00012     #include "p16f887.inc"
                      00001         LIST
                      00002 
                      00003 ;==========================================================================
                      00004 ; Build date : Nov 22 2017
                      00005 ;  MPASM PIC16F887 processor include
                      00006 ; 
                      00007 ;  (c) Copyright 1999-2017 Microchip Technology, All rights reserved
                      00008 ;==========================================================================
                      00009 
                      00810         LIST
                      00013 
                      00014 ; CONFIG1
                      00015 ; __config 0xE0D5
2007   20D4           00016     __CONFIG _CONFIG1, _FOSC_INTRC_NOCLKOUT & _WDTE_OFF & _PWRTE_OFF & _MCLRE_OFF & _CP_OFF & _CPD_OFF &
                             _BOREN_OFF & _IESO_OFF & _FCMEN_OFF & _LVP_OFF
                      00017 ; CONFIG2
                      00018 ; __config 0xFFFF
2008   3FFF           00019     __CONFIG _CONFIG2, _BOR4V_BOR40V & _WRT_OFF
                      00020     
Warning[207]: Found label after column 1. (GPR_VAR)
                      00021     GPR_VAR         UDATA
Warning[207]: Found label after column 1. (STATUS_TEMP)
0000                  00022     STATUS_TEMP RES 1
Warning[207]: Found label after column 1. (W_TEMP)
0001                  00023     W_TEMP      RES 1
Warning[207]: Found label after column 1. (CONT1)
0002                  00024     CONT1               RES 1
Warning[207]: Found label after column 1. (CONTROL_PWM)
0003                  00025     CONTROL_PWM RES 1
Warning[207]: Found label after column 1. (ADC0)
0004                  00026     ADC0 RES 1
Warning[207]: Found label after column 1. (ADC1)
0005                  00027     ADC1 RES 1
Warning[207]: Found label after column 1. (ADC2)
0006                  00028     ADC2 RES 1
Warning[207]: Found label after column 1. (CONTADOR_ADC)
0007                  00029     CONTADOR_ADC RES 1 ;CONTADOR QUE INDICA QUE CANAL SE ESTA LEYENDO
Warning[207]: Found label after column 1. (FLAGS)
0008                  00030     FLAGS RES 1
Warning[207]: Found label after column 1. (CONTADOR_PWM)
0009                  00031     CONTADOR_PWM RES 1
MPASM 5.77                     PRINCIPAL.ASM   11-25-2020  16:00:13         PAGE  2


LOC  OBJECT CODE     LINE SOURCE TEXT
  VALUE

Warning[207]: Found label after column 1. (AJUSTE_PWM)
000A                  00032     AJUSTE_PWM RES 1 
Warning[207]: Found label after column 1. (TRABAJO1)
000B                  00033     TRABAJO1 RES 1 
Warning[207]: Found label after column 1. (TRABAJO2)
000C                  00034     TRABAJO2 RES 1 
                      00035                 
Warning[207]: Found label after column 1. (RES_VECT)
                      00036     RES_VECT  CODE    0x0000            ; processor reset vector
0000   2???           00037     GOTO    START                   ; go to beginning of program
                      00038 
                      00039 
                      00040 ISR_VECT    CODE 0X0004
                      00041  
0004                  00042 PUSH:
0004   00??           00043     MOVWF           W_TEMP
0005   0E03           00044     SWAPF          STATUS, W
0006   00??           00045     MOVWF          STATUS_TEMP 
                      00046 
0007                  00047 INT_TMR0:
0007   1D0B           00048     BTFSS   INTCON,T0IF
0008   2???           00049     GOTO    INT_ADC
                      00050     
0009   110B           00051     BCF INTCON,T0IF
000A   08??           00052     MOVF    CONTROL_PWM,W
000B   0782           00053     ADDWF   PCL, F
000C   2???           00054     GOTO    INICIO_PERIODO ;este contador LLEVA EN CONTROL DE LA SECUENCIA PARA LA GENERACION PWM
000D   2???           00055     GOTO    PWM1
000E   01??           00056     CLRF     CONTROL_PWM
                      00057     
000F                  00058 INICIO_PERIODO: ;EN LA PRIMERA FASE SE COLOCA EN 1 EL PIN RC0 Y RC3 SE ENCUENTRA EN 0
                      00059     
000F   1407           00060     BSF PORTC, RC0 
0010   08??           00061     MOVF    TRABAJO1,W 
0011   0181           00062     CLRF        TMR0
0012   0281           00063     SUBWF   TMR0,F  ;TMRO =  256 - TRABAJO1
0013   0A??           00064     INCF     CONTROL_PWM,F ;A LA SIGUIENTE ENTRADA SE EJECUTA PWM1
0014   2???           00065     GOTO INT_ADC
                      00066     
0015                  00067 PWM1:
0015   1007           00068     BCF PORTC,RC0 ;AL PASAR EL TIEMPO ESTABLECIDO POR LA VARIABLE TRABAJO 1
0016   08??           00069     MOVF   TRABAJO2,W
0017   0181           00070     CLRF TMR0
0018   0281           00071     SUBWF   TMR0,F ;256 - TRABAJO2
0019   0A??           00072     INCF  CONTROL_PWM,F
001A   2???           00073     GOTO INT_ADC
                      00074    
001B                  00075 INT_ADC:
001B   1F0C           00076     BTFSS   PIR1, ADIF 
001C   2???           00077     GOTO    POP
001D   1283 1303      00078     BANKSEL ADRESH
001F   130C           00079     BCF PIR1, ADIF
0020   08??           00080     MOVF    CONTADOR_ADC,W
MPASM 5.77                     PRINCIPAL.ASM   11-25-2020  16:00:13         PAGE  3


LOC  OBJECT CODE     LINE SOURCE TEXT
  VALUE

0021   0782           00081     ADDWF   PCL,F   
0022   2???           00082     GOTO    ES_ADC0
0023   2???           00083     GOTO    ES_ADC1
0024   2???           00084     GOTO    ES_ADC2
0025   01??           00085     CLRF    CONTADOR_ADC
                      00086     
Warning[207]: Found label after column 1. (ES_ADC0)
0026                  00087     ES_ADC0:
0026   081E           00088     MOVF    ADRESH, W
0027   00??           00089     MOVWF   ADC0
0028   119F           00090     BCF ADCON0,CHS1
0029   151F           00091     BSF ADCON0,CHS0 ;SE SELECCIONA EL CANAL 1
002A   2???           00092     GOTO FIN
                      00093     
Warning[207]: Found label after column 1. (ES_ADC1)
002B                  00094     ES_ADC1:
002B   081E           00095     MOVF    ADRESH, W
002C   00??           00096     MOVWF   ADC1
002D   159F           00097     BSF ADCON0,CHS1
002E   111F           00098     BCF ADCON0,CHS0 ;SE SELECCIONA EL CANAL 2
002F   2???           00099     GOTO FIN
                      00100     
Warning[207]: Found label after column 1. (ES_ADC2)
0030                  00101     ES_ADC2:
0030   081E           00102     MOVF    ADRESH,W
0031   00??           00103     MOVWF   ADC2
0032   119F           00104     BCF ADCON0,CHS1
0033   111F           00105     BCF ADCON0,CHS0 ;SE SELECCIONA CANAL 0
                      00106     
Warning[207]: Found label after column 1. (FIN)
0034                  00107     FIN:
0034   0A??           00108     INCF    CONTADOR_ADC,F
0035   149F           00109     BSF ADCON0,GO ;INICIA CONVERSION
                      00110     
                      00111     
0036                  00112 POP:
0036   0E??           00113     SWAPF           STATUS_TEMP, W
0037   0083           00114     MOVWF           STATUS
0038   0E??           00115     SWAPF           W_TEMP, F
0039   0E??           00116     SWAPF           W_TEMP, W
003A   178B           00117     BSF     INTCON, GIE
                      00118  
003B   0009           00119     RETFIE
                      00120 
                      00121 MAIN_PROG CODE                      ; let linker place main program
                      00122 
0000                  00123 START
                      00124 
0000   2???           00125     CALL    CONFIG_IO
                      00126 
                      00127      
0001                  00128 LOOP:
                      00129     
MPASM 5.77                     PRINCIPAL.ASM   11-25-2020  16:00:13         PAGE  4


LOC  OBJECT CODE     LINE SOURCE TEXT
  VALUE

0001   08??           00130     MOVFW   ADC0
0002   0095           00131     MOVWF   CCPR1L
                      00132     
0003   08??           00133     MOVFW    ADC1
0004   009B           00134     MOVWF   CCPR2L
                      00135     
0005   08??           00136     MOVFW   ADC2
0006   00??           00137     MOVWF TRABAJO1
                      00138         
                      00139 
0007   2???           00140     GOTO LOOP
0008   2???           00141     GOTO $                          ; loop forever
                      00142 
                      00143 
                      00144     
                      00145     
Warning[207]: Found label after column 1. (CONFIG_IO)
0009                  00146     CONFIG_IO
                      00147     
0009   1283 1303      00148     BANKSEL PORTA
000B   0187           00149     CLRF    PORTC
000C   0185           00150     CLRF    PORTA
000D   0186           00151     CLRF    PORTB
000E   01??           00152     CLRF    CONTROL_PWM
000F   01??           00153     CLRF    ADC0
0010   01??           00154     CLRF    ADC1
0011   01??           00155     CLRF    ADC2
0012   01??           00156     CLRF    CONTADOR_ADC
0013   01??           00157     CLRF    FLAGS
                      00158   
0014   1683 1303      00159     BANKSEL TRISA
Message[302]: Register in operand not in bank 0.  Ensure that bank bits are correct.
0016   0186           00160     CLRF    TRISB
Message[302]: Register in operand not in bank 0.  Ensure that bank bits are correct.
0017   0187           00161     CLRF    TRISC
Message[302]: Register in operand not in bank 0.  Ensure that bank bits are correct.
0018   1405           00162     BSF TRISA, 0
Message[302]: Register in operand not in bank 0.  Ensure that bank bits are correct.
0019   1485           00163     BSF TRISA, 1
Message[302]: Register in operand not in bank 0.  Ensure that bank bits are correct.
001A   1505           00164     BSF TRISA, 2
                      00165     
                      00166     ;PARTE DEL ADC
001B   1683 1303      00167     BANKSEL ADCON1
Message[302]: Register in operand not in bank 0.  Ensure that bank bits are correct.
001D   019F           00168     CLRF   ADCON1
                      00169     
001E   1683 1703      00170     BANKSEL ANSEL
Message[302]: Register in operand not in bank 0.  Ensure that bank bits are correct.
0020   1408           00171     BSF ANSEL, 0
Message[302]: Register in operand not in bank 0.  Ensure that bank bits are correct.
0021   1488           00172     BSF ANSEL, 1
Message[302]: Register in operand not in bank 0.  Ensure that bank bits are correct.
MPASM 5.77                     PRINCIPAL.ASM   11-25-2020  16:00:13         PAGE  5


LOC  OBJECT CODE     LINE SOURCE TEXT
  VALUE

0022   1508           00173     BSF ANSEL, 2
Message[302]: Register in operand not in bank 0.  Ensure that bank bits are correct.
0023   0189           00174     CLRF    ANSELH
0024   1283 1303      00175     BANKSEL ADCON0
0026   3041           00176     MOVLW   B'01000001' 
0027   009F           00177     MOVWF   ADCON0
                      00178     
                      00179     ;PARTE DE LA INTERRUPCION 
0028   1683 1303      00180     BANKSEL TRISA
Message[302]: Register in operand not in bank 0.  Ensure that bank bits are correct.
002A   170C           00181     BSF PIE1, ADIE
                      00182     ;BSF        PIE1, TMR2IE
002B   1283 1303      00183     BANKSEL PORTA
002D   130C           00184    BCF  PIR1, ADIF
                      00185    ; BCF        PIR1, TMR2IF
                      00186     
                      00187     ;PARA PWM
                      00188    
002E   30FF           00189     MOVLW .255
Message[302]: Register in operand not in bank 0.  Ensure that bank bits are correct.
002F   0092           00190     MOVWF    PR2
                      00191     
0030   1283 1303      00192     BANKSEL  CCP1CON
0032   1397           00193     BCF CCP1CON, 7
0033   1317           00194     BCF CCP1CON, 6
                      00195 
0034   1597           00196     BSF CCP1CON, 3
0035   1517           00197     BSF CCP1CON, 2
0036   1097           00198     BCF CCP1CON, 1
0037   1017           00199     BCF CCP1CON, 0
                      00200 
                      00201         
0038   1283 1303      00202     BANKSEL  CCP1CON 
003A   159D           00203     BSF CCP2CON, 3
003B   151D           00204     BSF CCP2CON, 2
003C   109D           00205     BCF CCP2CON, 1  
003D   101D           00206     BCF CCP2CON, 0
                      00207    
003E   1312           00208     BCF T2CON, 6
003F   1292           00209     BCF T2CON, 5
0040   1212           00210     BCF T2CON, 4
0041   1192           00211     BCF T2CON, 3
0042   1512           00212     BSF T2CON, 2
0043   1492           00213     BSF T2CON, 1    ;BIT DE ENCENDIDO
0044   1012           00214     BCF T2CON, 0
                      00215     
                      00216     ;para timer 0, que se utiliza para el tercer servo
                      00217 
0045   1683 1303      00218     BANKSEL TRISA
Message[302]: Register in operand not in bank 0.  Ensure that bank bits are correct.
0047   1281           00219     BCF     OPTION_REG, T0CS;   RELOJ INTERNO
Message[302]: Register in operand not in bank 0.  Ensure that bank bits are correct.
0048   1181           00220     BCF     OPTION_REG, PSA;    PRESCALER A TMR0
MPASM 5.77                     PRINCIPAL.ASM   11-25-2020  16:00:13         PAGE  6


LOC  OBJECT CODE     LINE SOURCE TEXT
  VALUE

Message[302]: Register in operand not in bank 0.  Ensure that bank bits are correct.
0049   1101           00221     BCF     OPTION_REG, PS2;    SE PONE 111 PARA PRESCALER DE 256
Message[302]: Register in operand not in bank 0.  Ensure that bank bits are correct.
004A   1481           00222     BSF     OPTION_REG, PS1
Message[302]: Register in operand not in bank 0.  Ensure that bank bits are correct.
004B   1401           00223     BSF     OPTION_REG, PS0
004C   1283 1303      00224     BANKSEL PORTA
004E   0181           00225     CLRF            TMR0
004F   168B           00226     BSF     INTCON, T0IE
0050   110B           00227     BCF     INTCON, T0IF
0051   0008           00228     RETURN
                      00229     
0052   1283 1303      00230     BANKSEL PORTA
0054   178B           00231     BSF INTCON, GIE
0055   170B           00232     BSF INTCON, PEIE
                      00233 
20D4 3FFF             00234     END
MPASM 5.77                     PRINCIPAL.ASM   11-25-2020  16:00:13         PAGE  7


SYMBOL TABLE
  LABEL                             VALUE 

ABDEN                             00000000
ABDOVF                            00000007
ACKDT                             00000005
ACKEN                             00000004
ACKSTAT                           00000006
ADC0                              00000004
ADC1                              00000005
ADC2                              00000006
ADCON0                            0000001F
ADCON1                            0000009F
ADCS0                             00000006
ADCS1                             00000007
ADDEN                             00000003
ADFM                              00000007
ADIE                              00000006
ADIF                              00000006
ADON                              00000000
ADRESH                            0000001E
ADRESL                            0000009E
AJUSTE_PWM                        0000000A
ANS0                              00000000
ANS1                              00000001
ANS10                             00000002
ANS11                             00000003
ANS12                             00000004
ANS13                             00000005
ANS2                              00000002
ANS3                              00000003
ANS4                              00000004
ANS5                              00000005
ANS6                              00000006
ANS7                              00000007
ANS8                              00000000
ANS9                              00000001
ANSEL                             00000188
ANSELH                            00000189
BAUDCTL                           00000187
BCLIE                             00000003
BCLIF                             00000003
BF                                00000000
BRG0                              00000000
BRG1                              00000001
BRG10                             00000002
BRG11                             00000003
BRG12                             00000004
BRG13                             00000005
BRG14                             00000006
BRG15                             00000007
BRG16                             00000003
BRG2                              00000002
BRG3                              00000003
BRG4                              00000004
BRG5                              00000005
MPASM 5.77                     PRINCIPAL.ASM   11-25-2020  16:00:13         PAGE  8


SYMBOL TABLE
  LABEL                             VALUE 

BRG6                              00000006
BRG7                              00000007
BRG8                              00000000
BRG9                              00000001
BRGH                              00000002
C                                 00000000
C1CH0                             00000000
C1CH1                             00000001
C1IE                              00000005
C1IF                              00000005
C1OE                              00000005
C1ON                              00000007
C1OUT                             00000006
C1POL                             00000004
C1R                               00000002
C1RSEL                            00000005
C1SEN                             00000005
C2CH0                             00000000
C2CH1                             00000001
C2IE                              00000006
C2IF                              00000006
C2OE                              00000005
C2ON                              00000007
C2OUT                             00000006
C2POL                             00000004
C2R                               00000002
C2REN                             00000004
C2RSEL                            00000004
C2SYNC                            00000000
CCP1CON                           00000017
CCP1IE                            00000002
CCP1IF                            00000002
CCP1M0                            00000000
CCP1M1                            00000001
CCP1M2                            00000002
CCP1M3                            00000003
CCP1X                             00000005
CCP1Y                             00000004
CCP2CON                           0000001D
CCP2IE                            00000000
CCP2IF                            00000000
CCP2M0                            00000000
CCP2M1                            00000001
CCP2M2                            00000002
CCP2M3                            00000003
CCP2X                             00000005
CCP2Y                             00000004
CCPR1                             00000015
CCPR1H                            00000016
CCPR1L                            00000015
CCPR2                             0000001B
CCPR2H                            0000001C
CCPR2L                            0000001B
MPASM 5.77                     PRINCIPAL.ASM   11-25-2020  16:00:13         PAGE  9


SYMBOL TABLE
  LABEL                             VALUE 

CHS0                              00000002
CHS1                              00000003
CHS2                              00000004
CHS3                              00000005
CKE                               00000006
CKP                               00000004
CM1CON0                           00000107
CM2CON0                           00000108
CM2CON1                           00000109
CONFIG_IO                         00000009
CONT1                             00000002
CONTADOR_ADC                      00000007
CONTADOR_PWM                      00000009
CONTROL_PWM                       00000003
CREN                              00000004
CSRC                              00000007
D                                 00000005
DATA_ADDRESS                      00000005
DC                                00000001
DC1B0                             00000004
DC1B1                             00000005
DC2B0                             00000004
DC2B1                             00000005
D_A                               00000005
D_NOT_A                           00000005
ECCPAS                            0000009C
ECCPAS0                           00000004
ECCPAS1                           00000005
ECCPAS2                           00000006
ECCPASE                           00000007
EEADR                             0000010D
EEADRH                            0000010F
EECON1                            0000018C
EECON2                            0000018D
EEDAT                             0000010C
EEDATA                            0000010C
EEDATH                            0000010E
EEIE                              00000004
EEIF                              00000004
EEPGD                             00000007
ES_ADC0                           00000026
ES_ADC1                           0000002B
ES_ADC2                           00000030
F                                 00000001
FERR                              00000002
FIN                               00000034
FLAGS                             00000008
FSR                               00000004
FVREN                             00000000
GCEN                              00000007
GIE                               00000007
GO                                00000001
GO_DONE                           00000001
MPASM 5.77                     PRINCIPAL.ASM   11-25-2020  16:00:13         PAGE 10


SYMBOL TABLE
  LABEL                             VALUE 

GO_NOT_DONE                       00000001
HTS                               00000002
I2C_DATA                          00000005
I2C_READ                          00000002
I2C_START                         00000003
I2C_STOP                          00000004
INDF                              00000000
INICIO_PERIODO                    0000000F
INTCON                            0000000B
INTE                              00000004
INTEDG                            00000006
INTF                              00000001
INT_ADC                           0000001B
INT_TMR0                          00000007
IOCB                              00000096
IOCB0                             00000000
IOCB1                             00000001
IOCB2                             00000002
IOCB3                             00000003
IOCB4                             00000004
IOCB5                             00000005
IOCB6                             00000006
IOCB7                             00000007
IRCF0                             00000004
IRCF1                             00000005
IRCF2                             00000006
IRP                               00000007
LOOP                              00000001
LTS                               00000001
MC1OUT                            00000007
MC2OUT                            00000006
MSK                               00000093
MSK0                              00000000
MSK1                              00000001
MSK2                              00000002
MSK3                              00000003
MSK4                              00000004
MSK5                              00000005
MSK6                              00000006
MSK7                              00000007
NOT_A                             00000005
NOT_ADDRESS                       00000005
NOT_BO                            00000000
NOT_BOR                           00000000
NOT_DONE                          00000001
NOT_PD                            00000003
NOT_POR                           00000001
NOT_RBPU                          00000007
NOT_RC8                           00000006
NOT_T1SYNC                        00000002
NOT_TO                            00000004
NOT_TX8                           00000006
NOT_W                             00000002
MPASM 5.77                     PRINCIPAL.ASM   11-25-2020  16:00:13         PAGE 11


SYMBOL TABLE
  LABEL                             VALUE 

NOT_WRITE                         00000002
OERR                              00000001
OPTION_REG                        00000081
OSCCON                            0000008F
OSCTUNE                           00000090
OSFIE                             00000007
OSFIF                             00000007
OSTS                              00000003
P                                 00000004
P1M0                              00000006
P1M1                              00000007
PCL                               00000002
PCLATH                            0000000A
PCON                              0000008E
PDC0                              00000000
PDC1                              00000001
PDC2                              00000002
PDC3                              00000003
PDC4                              00000004
PDC5                              00000005
PDC6                              00000006
PEIE                              00000006
PEN                               00000002
PIE1                              0000008C
PIE2                              0000008D
PIR1                              0000000C
PIR2                              0000000D
POP                               00000036
PORTA                             00000005
PORTB                             00000006
PORTC                             00000007
PORTD                             00000008
PORTE                             00000009
PR2                               00000092
PRSEN                             00000007
PS0                               00000000
PS1                               00000001
PS2                               00000002
PSA                               00000003
PSSAC0                            00000002
PSSAC1                            00000003
PSSBD0                            00000000
PSSBD1                            00000001
PSTRCON                           0000009D
PULSR                             00000002
PULSS                             00000003
PUSH                              00000004
PWM1                              00000015
PWM1CON                           0000009B
R                                 00000002
RA0                               00000000
RA1                               00000001
RA2                               00000002
MPASM 5.77                     PRINCIPAL.ASM   11-25-2020  16:00:13         PAGE 12


SYMBOL TABLE
  LABEL                             VALUE 

RA3                               00000003
RA4                               00000004
RA5                               00000005
RA6                               00000006
RA7                               00000007
RB0                               00000000
RB1                               00000001
RB2                               00000002
RB3                               00000003
RB4                               00000004
RB5                               00000005
RB6                               00000006
RB7                               00000007
RBIE                              00000003
RBIF                              00000000
RC0                               00000000
RC1                               00000001
RC2                               00000002
RC3                               00000003
RC4                               00000004
RC5                               00000005
RC6                               00000006
RC7                               00000007
RC8_9                             00000006
RC9                               00000006
RCD8                              00000000
RCEN                              00000003
RCIDL                             00000006
RCIE                              00000005
RCIF                              00000005
RCREG                             0000001A
RCSTA                             00000018
RD                                00000000
RD0                               00000000
RD1                               00000001
RD2                               00000002
RD3                               00000003
RD4                               00000004
RD5                               00000005
RD6                               00000006
RD7                               00000007
RE0                               00000000
RE1                               00000001
RE2                               00000002
RE3                               00000003
READ_WRITE                        00000002
RP0                               00000005
RP1                               00000006
RSEN                              00000001
RX9                               00000006
RX9D                              00000000
R_NOT_W                           00000002
R_W                               00000002
MPASM 5.77                     PRINCIPAL.ASM   11-25-2020  16:00:13         PAGE 13


SYMBOL TABLE
  LABEL                             VALUE 

S                                 00000003
SBOREN                            00000004
SCKP                              00000004
SCS                               00000000
SEN                               00000000
SENDB                             00000003
SMP                               00000007
SPBRG                             00000099
SPBRGH                            0000009A
SPEN                              00000007
SR0                               00000006
SR1                               00000007
SRCON                             00000185
SREN                              00000005
SSPADD                            00000093
SSPBUF                            00000013
SSPCON                            00000014
SSPCON2                           00000091
SSPEN                             00000005
SSPIE                             00000003
SSPIF                             00000003
SSPM0                             00000000
SSPM1                             00000001
SSPM2                             00000002
SSPM3                             00000003
SSPMSK                            00000093
SSPOV                             00000006
SSPSTAT                           00000094
START                             00000000
STATUS                            00000003
STATUS_TEMP                       00000000
STRA                              00000000
STRB                              00000001
STRC                              00000002
STRD                              00000003
STRSYNC                           00000004
SWDTEN                            00000000
SYNC                              00000004
T0CS                              00000005
T0IE                              00000005
T0IF                              00000002
T0SE                              00000004
T1CKPS0                           00000004
T1CKPS1                           00000005
T1CON                             00000010
T1GINV                            00000007
T1GIV                             00000007
T1GSS                             00000001
T1INSYNC                          00000002
T1OSCEN                           00000003
T1SYNC                            00000002
T2CKPS0                           00000000
T2CKPS1                           00000001
MPASM 5.77                     PRINCIPAL.ASM   11-25-2020  16:00:13         PAGE 14


SYMBOL TABLE
  LABEL                             VALUE 

T2CON                             00000012
TMR0                              00000001
TMR0IE                            00000005
TMR0IF                            00000002
TMR1                              0000000E
TMR1CS                            00000001
TMR1GE                            00000006
TMR1H                             0000000F
TMR1IE                            00000000
TMR1IF                            00000000
TMR1L                             0000000E
TMR1ON                            00000000
TMR2                              00000011
TMR2IE                            00000001
TMR2IF                            00000001
TMR2ON                            00000002
TOUTPS0                           00000003
TOUTPS1                           00000004
TOUTPS2                           00000005
TOUTPS3                           00000006
TRABAJO1                          0000000B
TRABAJO2                          0000000C
TRISA                             00000085
TRISA0                            00000000
TRISA1                            00000001
TRISA2                            00000002
TRISA3                            00000003
TRISA4                            00000004
TRISA5                            00000005
TRISA6                            00000006
TRISA7                            00000007
TRISB                             00000086
TRISB0                            00000000
TRISB1                            00000001
TRISB2                            00000002
TRISB3                            00000003
TRISB4                            00000004
TRISB5                            00000005
TRISB6                            00000006
TRISB7                            00000007
TRISC                             00000087
TRISC0                            00000000
TRISC1                            00000001
TRISC2                            00000002
TRISC3                            00000003
TRISC4                            00000004
TRISC5                            00000005
TRISC6                            00000006
TRISC7                            00000007
TRISD                             00000088
TRISD0                            00000000
TRISD1                            00000001
TRISD2                            00000002
MPASM 5.77                     PRINCIPAL.ASM   11-25-2020  16:00:13         PAGE 15


SYMBOL TABLE
  LABEL                             VALUE 

TRISD3                            00000003
TRISD4                            00000004
TRISD5                            00000005
TRISD6                            00000006
TRISD7                            00000007
TRISE                             00000089
TRISE0                            00000000
TRISE1                            00000001
TRISE2                            00000002
TRISE3                            00000003
TRMT                              00000001
TUN0                              00000000
TUN1                              00000001
TUN2                              00000002
TUN3                              00000003
TUN4                              00000004
TX8_9                             00000006
TX9                               00000006
TX9D                              00000000
TXD8                              00000000
TXEN                              00000005
TXIE                              00000004
TXIF                              00000004
TXREG                             00000019
TXSTA                             00000098
UA                                00000001
ULPWUE                            00000005
ULPWUIE                           00000002
ULPWUIF                           00000002
VCFG0                             00000004
VCFG1                             00000005
VR0                               00000000
VR1                               00000001
VR2                               00000002
VR3                               00000003
VRCON                             00000097
VREN                              00000007
VROE                              00000006
VRR                               00000005
VRSS                              00000004
W                                 00000000
WCOL                              00000007
WDTCON                            00000105
WDTPS0                            00000001
WDTPS1                            00000002
WDTPS2                            00000003
WDTPS3                            00000004
WPUB                              00000095
WPUB0                             00000000
WPUB1                             00000001
WPUB2                             00000002
WPUB3                             00000003
WPUB4                             00000004
MPASM 5.77                     PRINCIPAL.ASM   11-25-2020  16:00:13         PAGE 16


SYMBOL TABLE
  LABEL                             VALUE 

WPUB5                             00000005
WPUB6                             00000006
WPUB7                             00000007
WR                                00000001
WREN                              00000002
WRERR                             00000003
WUE                               00000001
W_TEMP                            00000001
Z                                 00000002
_BOR21V                           00003EFF
_BOR40V                           00003FFF
_BOR4V_BOR21V                     00003EFF
_BOR4V_BOR40V                     00003FFF
_BOREN_NSLEEP                     00003EFF
_BOREN_OFF                        00003CFF
_BOREN_ON                         00003FFF
_BOREN_SBODEN                     00003DFF
_BOR_NSLEEP                       00003EFF
_BOR_OFF                          00003CFF
_BOR_ON                           00003FFF
_BOR_SBODEN                       00003DFF
_CONFIG1                          00002007
_CONFIG2                          00002008
_CPD_OFF                          00003FFF
_CPD_ON                           00003F7F
_CP_OFF                           00003FFF
_CP_ON                            00003FBF
_DEBUG_OFF                        00003FFF
_DEBUG_ON                         00001FFF
_DEVID1                           00002006
_EC_OSC                           00003FFB
_EXTRC                            00003FFF
_EXTRCIO                          00003FFE
_EXTRC_OSC_CLKOUT                 00003FFF
_EXTRC_OSC_NOCLKOUT               00003FFE
_FCMEN_OFF                        000037FF
_FCMEN_ON                         00003FFF
_FOSC_EC                          00003FFB
_FOSC_EXTRC_CLKOUT                00003FFF
_FOSC_EXTRC_NOCLKOUT              00003FFE
_FOSC_HS                          00003FFA
_FOSC_INTRC_CLKOUT                00003FFD
_FOSC_INTRC_NOCLKOUT              00003FFC
_FOSC_LP                          00003FF8
_FOSC_XT                          00003FF9
_HS_OSC                           00003FFA
_IDLOC0                           00002000
_IDLOC1                           00002001
_IDLOC2                           00002002
_IDLOC3                           00002003
_IESO_OFF                         00003BFF
_IESO_ON                          00003FFF
_INTOSC                           00003FFD
MPASM 5.77                     PRINCIPAL.ASM   11-25-2020  16:00:13         PAGE 17


SYMBOL TABLE
  LABEL                             VALUE 

_INTOSCIO                         00003FFC
_INTRC_OSC_CLKOUT                 00003FFD
_INTRC_OSC_NOCLKOUT               00003FFC
_LP_OSC                           00003FF8
_LVP_OFF                          00002FFF
_LVP_ON                           00003FFF
_MAIN_PROG_0008                   00000008
_MCLRE_OFF                        00003FDF
_MCLRE_ON                         00003FFF
_PWRTE_OFF                        00003FFF
_PWRTE_ON                         00003FEF
_WDTE_OFF                         00003FF7
_WDTE_ON                          00003FFF
_WDT_OFF                          00003FF7
_WDT_ON                           00003FFF
_WRT_1FOURTH                      00003BFF
_WRT_256                          00003DFF
_WRT_HALF                         000039FF
_WRT_OFF                          00003FFF
_XT_OSC                           00003FF9
__16F887                          00000001

Errors   :     0
Warnings :    20 reported,     0 suppressed
Messages :    17 reported,     0 suppressed

